This is pdfTeX, Version 3.141592653-2.6-1.40.22 (TeX Live 2022/dev/Debian) (preloaded format=pdflatex 2024.10.4)  4 OCT 2024 15:02
entering extended mode
 restricted \write18 enabled.
 file:line:error style messages enabled.
 %&-line parsing enabled.
**/home/nambd3/Documents/NamBD3/x/main.tex
(/home/nambd3/Documents/NamBD3/x/main.tex
LaTeX2e <2021-11-15> patch level 1
L3 programming layer <2022-01-21> (/usr/share/texlive/texmf-dist/tex/latex/base/report.cls
Document Class: report 2021/10/04 v1.4n Standard LaTeX document class
(/usr/share/texlive/texmf-dist/tex/latex/base/size12.clo
File: size12.clo 2021/10/04 v1.4n Standard LaTeX file (size option)
)
\c@part=\count185
\c@chapter=\count186
\c@section=\count187
\c@subsection=\count188
\c@subsubsection=\count189
\c@paragraph=\count190
\c@subparagraph=\count191
\c@figure=\count192
\c@table=\count193
\abovecaptionskip=\skip47
\belowcaptionskip=\skip48
\bibindent=\dimen138
) (/usr/share/texlive/texmf-dist/tex/latex/base/inputenc.sty
Package: inputenc 2021/02/14 v1.3d Input encoding file
\inpenc@prehook=\toks16
\inpenc@posthook=\toks17
) (/usr/share/texlive/texmf-dist/tex/latex/psnfss/times.sty
Package: times 2020/03/25 PSNFSS-v9.3 (SPQR) 
) (/usr/share/texlive/texmf-dist/tex/generic/babel/babel.sty
Package: babel 2022/01/26 3.70 The Babel package
\babel@savecnt=\count194
\U@D=\dimen139
\l@unhyphenated=\language7
 (/usr/share/texlive/texmf-dist/tex/generic/babel/txtbabel.def)
\bbl@readstream=\read2
\bbl@dirlevel=\count195
 (/usr/share/texlive/texmf-dist/tex/generic/babel-english/english.ldf
Language: english 2017/06/06 v3.3r English support from the babel system
Package babel Info: Hyphen rules for 'british' set to \l@english
(babel)             (\language0). Reported on input line 82.
Package babel Info: Hyphen rules for 'UKenglish' set to \l@english
(babel)             (\language0). Reported on input line 83.
Package babel Info: Hyphen rules for 'canadian' set to \l@english
(babel)             (\language0). Reported on input line 102.
Package babel Info: Hyphen rules for 'australian' set to \l@english
(babel)             (\language0). Reported on input line 105.
Package babel Info: Hyphen rules for 'newzealand' set to \l@english
(babel)             (\language0). Reported on input line 108.
)) (/usr/share/texlive/texmf-dist/tex/latex/titlesec/titlesec.sty
Package: titlesec 2021/07/05 v2.14 Sectioning titles
\ttl@box=\box50
\beforetitleunit=\skip49
\aftertitleunit=\skip50
\ttl@plus=\dimen140
\ttl@minus=\dimen141
\ttl@toksa=\toks18
\titlewidth=\dimen142
\titlewidthlast=\dimen143
\titlewidthfirst=\dimen144
) (/usr/share/texlive/texmf-dist/tex/latex/blindtext/blindtext.sty
Package: blindtext 2012/01/06 V2.0 blindtext-Package
 (/usr/share/texlive/texmf-dist/tex/latex/tools/xspace.sty
Package: xspace 2014/10/28 v1.13 Space after command names (DPC,MH)
)
\c@blindtext=\count196
\c@Blindtext=\count197
\c@blind@countparstart=\count198
\blind@countxx=\count199
\blindtext@numBlindtext=\count266
\blind@countyy=\count267
\c@blindlist=\count268
\c@blindlistlevel=\count269
\c@blindlist@level=\count270
\blind@listitem=\count271
\c@blind@listcount=\count272
\c@blind@levelcount=\count273
\blind@mathformula=\count274
\blind@Mathformula=\count275
\c@blind@randomcount=\count276
\c@blind@randommax=\count277
\c@blind@pangramcount=\count278
\c@blind@pangrammax=\count279
) (/usr/share/texlive/texmf-dist/tex/latex/graphics/color.sty
Package: color 2021/12/07 v1.3c Standard LaTeX Color (DPC)
 (/usr/share/texlive/texmf-dist/tex/latex/graphics-cfg/color.cfg
File: color.cfg 2016/01/02 v1.6 sample color configuration
)
Package color Info: Driver file: pdftex.def on input line 149.
 (/usr/share/texlive/texmf-dist/tex/latex/graphics-def/pdftex.def
File: pdftex.def 2020/10/05 v1.2a Graphics/color driver for pdftex
)) (/usr/share/texlive/texmf-dist/tex/latex/xcolor/xcolor.sty
Package: xcolor 2021/10/31 v2.13 LaTeX color extensions (UK)
 (/usr/share/texlive/texmf-dist/tex/latex/graphics-cfg/color.cfg
File: color.cfg 2016/01/02 v1.6 sample color configuration
)
Package xcolor Info: Driver file: pdftex.def on input line 227.
 (/usr/share/texlive/texmf-dist/tex/latex/colortbl/colortbl.sty
Package: colortbl 2020/01/04 v1.0e Color table columns (DPC)
 (/usr/share/texlive/texmf-dist/tex/latex/tools/array.sty
Package: array 2021/10/04 v2.5f Tabular extension package (FMi)
\col@sep=\dimen145
\ar@mcellbox=\box51
\extrarowheight=\dimen146
\NC@list=\toks19
\extratabsurround=\skip51
\backup@length=\skip52
\ar@cellbox=\box52
)
\everycr=\toks20
\minrowclearance=\skip53
)
LaTeX Info: Redefining \color on input line 711.
\rownum=\count280
Package xcolor Info: Model `cmy' substituted by `cmy0' on input line 1352.
Package xcolor Info: Model `hsb' substituted by `rgb' on input line 1356.
Package xcolor Info: Model `RGB' extended on input line 1368.
Package xcolor Info: Model `HTML' substituted by `rgb' on input line 1370.
Package xcolor Info: Model `Hsb' substituted by `hsb' on input line 1371.
Package xcolor Info: Model `tHsb' substituted by `hsb' on input line 1372.
Package xcolor Info: Model `HSB' substituted by `hsb' on input line 1373.
Package xcolor Info: Model `Gray' substituted by `gray' on input line 1374.
Package xcolor Info: Model `wave' substituted by `hsb' on input line 1375.
) (/usr/share/texlive/texmf-dist/tex/latex/geometry/geometry.sty
Package: geometry 2020/01/02 v5.9 Page Geometry
 (/usr/share/texlive/texmf-dist/tex/latex/graphics/keyval.sty
Package: keyval 2014/10/28 v1.15 key=value parser (DPC)
\KV@toks@=\toks21
) (/usr/share/texlive/texmf-dist/tex/generic/iftex/ifvtex.sty
Package: ifvtex 2019/10/25 v1.7 ifvtex legacy package. Use iftex instead.
 (/usr/share/texlive/texmf-dist/tex/generic/iftex/iftex.sty
Package: iftex 2020/03/06 v1.0d TeX engine tests
))
\Gm@cnth=\count281
\Gm@cntv=\count282
\c@Gm@tempcnt=\count283
\Gm@bindingoffset=\dimen147
\Gm@wd@mp=\dimen148
\Gm@odd@mp=\dimen149
\Gm@even@mp=\dimen150
\Gm@layoutwidth=\dimen151
\Gm@layoutheight=\dimen152
\Gm@layouthoffset=\dimen153
\Gm@layoutvoffset=\dimen154
\Gm@dimlist=\toks22
) (/usr/share/texlive/texmf-dist/tex/latex/tools/indentfirst.sty
Package: indentfirst 1995/11/23 v1.03 Indent first paragraph (DPC)
) (/usr/share/texlive/texmf-dist/tex/latex/hyperref/hyperref.sty
Package: hyperref 2021-06-07 v7.00m Hypertext links for LaTeX
 (/usr/share/texlive/texmf-dist/tex/generic/ltxcmds/ltxcmds.sty
Package: ltxcmds 2020-05-10 v1.25 LaTeX kernel commands for general use (HO)
) (/usr/share/texlive/texmf-dist/tex/generic/pdftexcmds/pdftexcmds.sty
Package: pdftexcmds 2020-06-27 v0.33 Utility functions of pdfTeX for LuaTeX (HO)
 (/usr/share/texlive/texmf-dist/tex/generic/infwarerr/infwarerr.sty
Package: infwarerr 2019/12/03 v1.5 Providing info/warning/error messages (HO)
)
Package pdftexcmds Info: \pdf@primitive is available.
Package pdftexcmds Info: \pdf@ifprimitive is available.
Package pdftexcmds Info: \pdfdraftmode found.
) (/usr/share/texlive/texmf-dist/tex/generic/kvsetkeys/kvsetkeys.sty
Package: kvsetkeys 2019/12/15 v1.18 Key value parser (HO)
) (/usr/share/texlive/texmf-dist/tex/generic/kvdefinekeys/kvdefinekeys.sty
Package: kvdefinekeys 2019-12-19 v1.6 Define keys (HO)
) (/usr/share/texlive/texmf-dist/tex/generic/pdfescape/pdfescape.sty
Package: pdfescape 2019/12/09 v1.15 Implements pdfTeX's escape features (HO)
) (/usr/share/texlive/texmf-dist/tex/latex/hycolor/hycolor.sty
Package: hycolor 2020-01-27 v1.10 Color options for hyperref/bookmark (HO)
) (/usr/share/texlive/texmf-dist/tex/latex/letltxmacro/letltxmacro.sty
Package: letltxmacro 2019/12/03 v1.6 Let assignment for LaTeX macros (HO)
) (/usr/share/texlive/texmf-dist/tex/latex/auxhook/auxhook.sty
Package: auxhook 2019-12-17 v1.6 Hooks for auxiliary files (HO)
) (/usr/share/texlive/texmf-dist/tex/latex/kvoptions/kvoptions.sty
Package: kvoptions 2020-10-07 v3.14 Key value format for package options (HO)
)
\@linkdim=\dimen155
\Hy@linkcounter=\count284
\Hy@pagecounter=\count285
 (/usr/share/texlive/texmf-dist/tex/latex/hyperref/pd1enc.def
File: pd1enc.def 2021-06-07 v7.00m Hyperref: PDFDocEncoding definition (HO)
Now handling font encoding PD1 ...
... no UTF-8 mapping file for font encoding PD1
) (/usr/share/texlive/texmf-dist/tex/latex/hyperref/hyperref-langpatches.def
File: hyperref-langpatches.def 2021-06-07 v7.00m Hyperref: patches for babel languages
) (/usr/share/texlive/texmf-dist/tex/generic/intcalc/intcalc.sty
Package: intcalc 2019/12/15 v1.3 Expandable calculations with integers (HO)
) (/usr/share/texlive/texmf-dist/tex/generic/etexcmds/etexcmds.sty
Package: etexcmds 2019/12/15 v1.7 Avoid name clashes with e-TeX commands (HO)
)
\Hy@SavedSpaceFactor=\count286
 (/usr/share/texlive/texmf-dist/tex/latex/hyperref/puenc.def
File: puenc.def 2021-06-07 v7.00m Hyperref: PDF Unicode definition (HO)
Now handling font encoding PU ...
... no UTF-8 mapping file for font encoding PU
)
Package hyperref Info: Option `colorlinks' set `true' on input line 4073.
Package hyperref Info: Hyper figures OFF on input line 4192.
Package hyperref Info: Link nesting OFF on input line 4197.
Package hyperref Info: Hyper index ON on input line 4200.
Package hyperref Info: Plain pages OFF on input line 4207.
Package hyperref Info: Backreferencing OFF on input line 4212.
Package hyperref Info: Implicit mode ON; LaTeX internals redefined.
Package hyperref Info: Bookmarks ON on input line 4445.
\c@Hy@tempcnt=\count287
 (/usr/share/texlive/texmf-dist/tex/latex/url/url.sty
\Urlmuskip=\muskip16
Package: url 2013/09/16  ver 3.4  Verb mode for urls, etc.
)
LaTeX Info: Redefining \url on input line 4804.
\XeTeXLinkMargin=\dimen156
 (/usr/share/texlive/texmf-dist/tex/generic/bitset/bitset.sty
Package: bitset 2019/12/09 v1.3 Handle bit-vector datatype (HO)
 (/usr/share/texlive/texmf-dist/tex/generic/bigintcalc/bigintcalc.sty
Package: bigintcalc 2019/12/15 v1.5 Expandable calculations on big integers (HO)
))
\Fld@menulength=\count288
\Field@Width=\dimen157
\Fld@charsize=\dimen158
Package hyperref Info: Hyper figures OFF on input line 6076.
Package hyperref Info: Link nesting OFF on input line 6081.
Package hyperref Info: Hyper index ON on input line 6084.
Package hyperref Info: backreferencing OFF on input line 6091.
Package hyperref Info: Link coloring ON on input line 6094.
Package hyperref Info: Link coloring with OCG OFF on input line 6101.
Package hyperref Info: PDF/A mode OFF on input line 6106.
LaTeX Info: Redefining \ref on input line 6146.
LaTeX Info: Redefining \pageref on input line 6150.
 (/usr/share/texlive/texmf-dist/tex/latex/base/atbegshi-ltx.sty
Package: atbegshi-ltx 2021/01/10 v1.0c Emulation of the original atbegshi
package with kernel methods
)
\Hy@abspage=\count289
\c@Item=\count290
\c@Hfootnote=\count291
)
Package hyperref Info: Driver (autodetected): hpdftex.
 (/usr/share/texlive/texmf-dist/tex/latex/hyperref/hpdftex.def
File: hpdftex.def 2021-06-07 v7.00m Hyperref driver for pdfTeX
 (/usr/share/texlive/texmf-dist/tex/latex/base/atveryend-ltx.sty
Package: atveryend-ltx 2020/08/19 v1.0a Emulation of the original atveryend package
with kernel methods
)
\Fld@listcount=\count292
\c@bookmark@seq@number=\count293
 (/usr/share/texlive/texmf-dist/tex/latex/rerunfilecheck/rerunfilecheck.sty
Package: rerunfilecheck 2019/12/05 v1.9 Rerun checks for auxiliary files (HO)
 (/usr/share/texlive/texmf-dist/tex/generic/uniquecounter/uniquecounter.sty
Package: uniquecounter 2019/12/15 v1.4 Provide unlimited unique counter (HO)
)
Package uniquecounter Info: New unique counter `rerunfilecheck' on input line 286.
)
\Hy@SectionHShift=\skip54
) (/usr/share/texmf/tex/latex/lm/lmodern.sty
Package: lmodern 2009/10/30 v1.6 Latin Modern Fonts
LaTeX Font Info:    Overwriting symbol font `operators' in version `normal'
(Font)                  OT1/cmr/m/n --> OT1/lmr/m/n on input line 22.
LaTeX Font Info:    Overwriting symbol font `letters' in version `normal'
(Font)                  OML/cmm/m/it --> OML/lmm/m/it on input line 23.
LaTeX Font Info:    Overwriting symbol font `symbols' in version `normal'
(Font)                  OMS/cmsy/m/n --> OMS/lmsy/m/n on input line 24.
LaTeX Font Info:    Overwriting symbol font `largesymbols' in version `normal'
(Font)                  OMX/cmex/m/n --> OMX/lmex/m/n on input line 25.
LaTeX Font Info:    Overwriting symbol font `operators' in version `bold'
(Font)                  OT1/cmr/bx/n --> OT1/lmr/bx/n on input line 26.
LaTeX Font Info:    Overwriting symbol font `letters' in version `bold'
(Font)                  OML/cmm/b/it --> OML/lmm/b/it on input line 27.
LaTeX Font Info:    Overwriting symbol font `symbols' in version `bold'
(Font)                  OMS/cmsy/b/n --> OMS/lmsy/b/n on input line 28.
LaTeX Font Info:    Overwriting symbol font `largesymbols' in version `bold'
(Font)                  OMX/cmex/m/n --> OMX/lmex/m/n on input line 29.
LaTeX Font Info:    Overwriting math alphabet `\mathbf' in version `normal'
(Font)                  OT1/cmr/bx/n --> OT1/lmr/bx/n on input line 31.
LaTeX Font Info:    Overwriting math alphabet `\mathsf' in version `normal'
(Font)                  OT1/cmss/m/n --> OT1/lmss/m/n on input line 32.
LaTeX Font Info:    Overwriting math alphabet `\mathit' in version `normal'
(Font)                  OT1/cmr/m/it --> OT1/lmr/m/it on input line 33.
LaTeX Font Info:    Overwriting math alphabet `\mathtt' in version `normal'
(Font)                  OT1/cmtt/m/n --> OT1/lmtt/m/n on input line 34.
LaTeX Font Info:    Overwriting math alphabet `\mathbf' in version `bold'
(Font)                  OT1/cmr/bx/n --> OT1/lmr/bx/n on input line 35.
LaTeX Font Info:    Overwriting math alphabet `\mathsf' in version `bold'
(Font)                  OT1/cmss/bx/n --> OT1/lmss/bx/n on input line 36.
LaTeX Font Info:    Overwriting math alphabet `\mathit' in version `bold'
(Font)                  OT1/cmr/bx/it --> OT1/lmr/bx/it on input line 37.
LaTeX Font Info:    Overwriting math alphabet `\mathtt' in version `bold'
(Font)                  OT1/cmtt/m/n --> OT1/lmtt/m/n on input line 38.
) (/usr/share/texlive/texmf-dist/tex/latex/caption/subcaption.sty
Package: subcaption 2020/10/07 v1.3j Sub-captions (AR)
 (/usr/share/texlive/texmf-dist/tex/latex/caption/caption.sty
Package: caption 2020/10/26 v3.5g Customizing captions (AR)
 (/usr/share/texlive/texmf-dist/tex/latex/caption/caption3.sty
Package: caption3 2020/10/21 v2.2e caption3 kernel (AR)
\captionmargin=\dimen159
\captionmargin@=\dimen160
\captionwidth=\dimen161
\caption@tempdima=\dimen162
\caption@indent=\dimen163
\caption@parindent=\dimen164
\caption@hangindent=\dimen165
Package caption Info: Standard document class detected.
)
\c@caption@flags=\count294
\c@continuedfloat=\count295
Package caption Info: hyperref package is loaded.
)
\c@subfigure=\count296
\c@subtable=\count297
) (/usr/share/texlive/texmf-dist/tex/latex/amsmath/amsmath.sty
Package: amsmath 2021/10/15 v2.17l AMS math features
\@mathmargin=\skip55

For additional information on amsmath, use the `?' option.
(/usr/share/texlive/texmf-dist/tex/latex/amsmath/amstext.sty
Package: amstext 2021/08/26 v2.01 AMS text
 (/usr/share/texlive/texmf-dist/tex/latex/amsmath/amsgen.sty
File: amsgen.sty 1999/11/30 v2.0 generic functions
\@emptytoks=\toks23
\ex@=\dimen166
)) (/usr/share/texlive/texmf-dist/tex/latex/amsmath/amsbsy.sty
Package: amsbsy 1999/11/29 v1.2d Bold Symbols
\pmbraise@=\dimen167
) (/usr/share/texlive/texmf-dist/tex/latex/amsmath/amsopn.sty
Package: amsopn 2021/08/26 v2.02 operator names
)
\inf@bad=\count298
LaTeX Info: Redefining \frac on input line 234.
\uproot@=\count299
\leftroot@=\count300
LaTeX Info: Redefining \overline on input line 399.
\classnum@=\count301
\DOTSCASE@=\count302
LaTeX Info: Redefining \ldots on input line 496.
LaTeX Info: Redefining \dots on input line 499.
LaTeX Info: Redefining \cdots on input line 620.
\Mathstrutbox@=\box53
\strutbox@=\box54
\big@size=\dimen168
LaTeX Font Info:    Redeclaring font encoding OML on input line 743.
LaTeX Font Info:    Redeclaring font encoding OMS on input line 744.
\macc@depth=\count303
\c@MaxMatrixCols=\count304
\dotsspace@=\muskip17
\c@parentequation=\count305
\dspbrk@lvl=\count306
\tag@help=\toks24
\row@=\count307
\column@=\count308
\maxfields@=\count309
\andhelp@=\toks25
\eqnshift@=\dimen169
\alignsep@=\dimen170
\tagshift@=\dimen171
\tagwidth@=\dimen172
\totwidth@=\dimen173
\lineht@=\dimen174
\@envbody=\toks26
\multlinegap=\skip56
\multlinetaggap=\skip57
\mathdisplay@stack=\toks27
LaTeX Info: Redefining \[ on input line 2938.
LaTeX Info: Redefining \] on input line 2939.
) (/usr/share/texlive/texmf-dist/tex/latex/amscls/amsthm.sty
Package: amsthm 2020/05/29 v2.20.6
\thm@style=\toks28
\thm@bodyfont=\toks29
\thm@headfont=\toks30
\thm@notefont=\toks31
\thm@headpunct=\toks32
\thm@preskip=\skip58
\thm@postskip=\skip59
\thm@headsep=\skip60
\dth@everypar=\toks33
) (/usr/share/texlive/texmf-dist/tex/latex/amsfonts/amsfonts.sty
Package: amsfonts 2013/01/14 v3.01 Basic AMSFonts support
\symAMSa=\mathgroup4
\symAMSb=\mathgroup5
LaTeX Font Info:    Redeclaring math symbol \hbar on input line 98.
LaTeX Font Info:    Overwriting math alphabet `\mathfrak' in version `bold'
(Font)                  U/euf/m/n --> U/euf/b/n on input line 106.
) (/usr/share/texlive/texmf-dist/tex/latex/amsfonts/amssymb.sty
Package: amssymb 2013/01/14 v3.01 AMS font symbols
) (/usr/share/texlive/texmf-dist/tex/latex/psnfss/pifont.sty
Package: pifont 2020/03/25 PSNFSS-v9.3 Pi font support (SPQR) 
LaTeX Font Info:    Trying to load font information for U+pzd on input line 63.
 (/usr/share/texlive/texmf-dist/tex/latex/psnfss/upzd.fd
File: upzd.fd 2001/06/04 font definitions for U/pzd.
)
LaTeX Font Info:    Trying to load font information for U+psy on input line 64.
 (/usr/share/texlive/texmf-dist/tex/latex/psnfss/upsy.fd
File: upsy.fd 2001/06/04 font definitions for U/psy.
)) (/usr/share/texlive/texmf-dist/tex/latex/float/float.sty
Package: float 2001/11/08 v1.3d Float enhancements (AL)
\c@float@type=\count310
\float@exts=\toks34
\float@box=\box55
\@float@everytoks=\toks35
\@floatcapt=\box56
) (/usr/share/texlive/texmf-dist/tex/latex/pgf/frontendlayer/tikz.sty (/usr/share/texlive/texmf-dist/tex/latex/pgf/basiclayer/pgf.sty (/usr/share/texlive/texmf-dist/tex/latex/pgf/utilities/pgfrcs.sty (/usr/share/texlive/texmf-dist/tex/generic/pgf/utilities/pgfutil-common.tex
\pgfutil@everybye=\toks36
\pgfutil@tempdima=\dimen175
\pgfutil@tempdimb=\dimen176
 (/usr/share/texlive/texmf-dist/tex/generic/pgf/utilities/pgfutil-common-lists.tex)) (/usr/share/texlive/texmf-dist/tex/generic/pgf/utilities/pgfutil-latex.def
\pgfutil@abb=\box57
) (/usr/share/texlive/texmf-dist/tex/generic/pgf/utilities/pgfrcs.code.tex (/usr/share/texlive/texmf-dist/tex/generic/pgf/pgf.revision.tex)
Package: pgfrcs 2021/05/15 v3.1.9a (3.1.9a)
))
Package: pgf 2021/05/15 v3.1.9a (3.1.9a)
 (/usr/share/texlive/texmf-dist/tex/latex/pgf/basiclayer/pgfcore.sty (/usr/share/texlive/texmf-dist/tex/latex/graphics/graphicx.sty
Package: graphicx 2021/09/16 v1.2d Enhanced LaTeX Graphics (DPC,SPQR)
 (/usr/share/texlive/texmf-dist/tex/latex/graphics/graphics.sty
Package: graphics 2021/03/04 v1.4d Standard LaTeX Graphics (DPC,SPQR)
 (/usr/share/texlive/texmf-dist/tex/latex/graphics/trig.sty
Package: trig 2021/08/11 v1.11 sin cos tan (DPC)
) (/usr/share/texlive/texmf-dist/tex/latex/graphics-cfg/graphics.cfg
File: graphics.cfg 2016/06/04 v1.11 sample graphics configuration
)
Package graphics Info: Driver file: pdftex.def on input line 107.
)
\Gin@req@height=\dimen177
\Gin@req@width=\dimen178
) (/usr/share/texlive/texmf-dist/tex/latex/pgf/systemlayer/pgfsys.sty (/usr/share/texlive/texmf-dist/tex/generic/pgf/systemlayer/pgfsys.code.tex
Package: pgfsys 2021/05/15 v3.1.9a (3.1.9a)
 (/usr/share/texlive/texmf-dist/tex/generic/pgf/utilities/pgfkeys.code.tex
\pgfkeys@pathtoks=\toks37
\pgfkeys@temptoks=\toks38
 (/usr/share/texlive/texmf-dist/tex/generic/pgf/utilities/pgfkeysfiltered.code.tex
\pgfkeys@tmptoks=\toks39
))
\pgf@x=\dimen179
\pgf@y=\dimen180
\pgf@xa=\dimen181
\pgf@ya=\dimen182
\pgf@xb=\dimen183
\pgf@yb=\dimen184
\pgf@xc=\dimen185
\pgf@yc=\dimen186
\pgf@xd=\dimen187
\pgf@yd=\dimen188
\w@pgf@writea=\write3
\r@pgf@reada=\read3
\c@pgf@counta=\count311
\c@pgf@countb=\count312
\c@pgf@countc=\count313
\c@pgf@countd=\count314
\t@pgf@toka=\toks40
\t@pgf@tokb=\toks41
\t@pgf@tokc=\toks42
\pgf@sys@id@count=\count315
 (/usr/share/texlive/texmf-dist/tex/generic/pgf/systemlayer/pgf.cfg
File: pgf.cfg 2021/05/15 v3.1.9a (3.1.9a)
)
Driver file for pgf: pgfsys-pdftex.def
 (/usr/share/texlive/texmf-dist/tex/generic/pgf/systemlayer/pgfsys-pdftex.def
File: pgfsys-pdftex.def 2021/05/15 v3.1.9a (3.1.9a)
 (/usr/share/texlive/texmf-dist/tex/generic/pgf/systemlayer/pgfsys-common-pdf.def
File: pgfsys-common-pdf.def 2021/05/15 v3.1.9a (3.1.9a)
))) (/usr/share/texlive/texmf-dist/tex/generic/pgf/systemlayer/pgfsyssoftpath.code.tex
File: pgfsyssoftpath.code.tex 2021/05/15 v3.1.9a (3.1.9a)
\pgfsyssoftpath@smallbuffer@items=\count316
\pgfsyssoftpath@bigbuffer@items=\count317
) (/usr/share/texlive/texmf-dist/tex/generic/pgf/systemlayer/pgfsysprotocol.code.tex
File: pgfsysprotocol.code.tex 2021/05/15 v3.1.9a (3.1.9a)
)) (/usr/share/texlive/texmf-dist/tex/generic/pgf/basiclayer/pgfcore.code.tex
Package: pgfcore 2021/05/15 v3.1.9a (3.1.9a)
 (/usr/share/texlive/texmf-dist/tex/generic/pgf/math/pgfmath.code.tex (/usr/share/texlive/texmf-dist/tex/generic/pgf/math/pgfmathcalc.code.tex (/usr/share/texlive/texmf-dist/tex/generic/pgf/math/pgfmathutil.code.tex) (/usr/share/texlive/texmf-dist/tex/generic/pgf/math/pgfmathparser.code.tex
\pgfmath@dimen=\dimen189
\pgfmath@count=\count318
\pgfmath@box=\box58
\pgfmath@toks=\toks43
\pgfmath@stack@operand=\toks44
\pgfmath@stack@operation=\toks45
) (/usr/share/texlive/texmf-dist/tex/generic/pgf/math/pgfmathfunctions.code.tex (/usr/share/texlive/texmf-dist/tex/generic/pgf/math/pgfmathfunctions.basic.code.tex) (/usr/share/texlive/texmf-dist/tex/generic/pgf/math/pgfmathfunctions.trigonometric.code.tex) (/usr/share/texlive/texmf-dist/tex/generic/pgf/math/pgfmathfunctions.random.code.tex) (/usr/share/texlive/texmf-dist/tex/generic/pgf/math/pgfmathfunctions.comparison.code.tex) (/usr/share/texlive/texmf-dist/tex/generic/pgf/math/pgfmathfunctions.base.code.tex) (/usr/share/texlive/texmf-dist/tex/generic/pgf/math/pgfmathfunctions.round.code.tex) (/usr/share/texlive/texmf-dist/tex/generic/pgf/math/pgfmathfunctions.misc.code.tex) (/usr/share/texlive/texmf-dist/tex/generic/pgf/math/pgfmathfunctions.integerarithmetics.code.tex))) (/usr/share/texlive/texmf-dist/tex/generic/pgf/math/pgfmathfloat.code.tex
\c@pgfmathroundto@lastzeros=\count319
)) (/usr/share/texlive/texmf-dist/tex/generic/pgf/math/pgfint.code.tex) (/usr/share/texlive/texmf-dist/tex/generic/pgf/basiclayer/pgfcorepoints.code.tex
File: pgfcorepoints.code.tex 2021/05/15 v3.1.9a (3.1.9a)
\pgf@picminx=\dimen190
\pgf@picmaxx=\dimen191
\pgf@picminy=\dimen192
\pgf@picmaxy=\dimen193
\pgf@pathminx=\dimen194
\pgf@pathmaxx=\dimen195
\pgf@pathminy=\dimen196
\pgf@pathmaxy=\dimen197
\pgf@xx=\dimen198
\pgf@xy=\dimen199
\pgf@yx=\dimen256
\pgf@yy=\dimen257
\pgf@zx=\dimen258
\pgf@zy=\dimen259
) (/usr/share/texlive/texmf-dist/tex/generic/pgf/basiclayer/pgfcorepathconstruct.code.tex
File: pgfcorepathconstruct.code.tex 2021/05/15 v3.1.9a (3.1.9a)
\pgf@path@lastx=\dimen260
\pgf@path@lasty=\dimen261
) (/usr/share/texlive/texmf-dist/tex/generic/pgf/basiclayer/pgfcorepathusage.code.tex
File: pgfcorepathusage.code.tex 2021/05/15 v3.1.9a (3.1.9a)
\pgf@shorten@end@additional=\dimen262
\pgf@shorten@start@additional=\dimen263
) (/usr/share/texlive/texmf-dist/tex/generic/pgf/basiclayer/pgfcorescopes.code.tex
File: pgfcorescopes.code.tex 2021/05/15 v3.1.9a (3.1.9a)
\pgfpic=\box59
\pgf@hbox=\box60
\pgf@layerbox@main=\box61
\pgf@picture@serial@count=\count320
) (/usr/share/texlive/texmf-dist/tex/generic/pgf/basiclayer/pgfcoregraphicstate.code.tex
File: pgfcoregraphicstate.code.tex 2021/05/15 v3.1.9a (3.1.9a)
\pgflinewidth=\dimen264
) (/usr/share/texlive/texmf-dist/tex/generic/pgf/basiclayer/pgfcoretransformations.code.tex
File: pgfcoretransformations.code.tex 2021/05/15 v3.1.9a (3.1.9a)
\pgf@pt@x=\dimen265
\pgf@pt@y=\dimen266
\pgf@pt@temp=\dimen267
) (/usr/share/texlive/texmf-dist/tex/generic/pgf/basiclayer/pgfcorequick.code.tex
File: pgfcorequick.code.tex 2021/05/15 v3.1.9a (3.1.9a)
) (/usr/share/texlive/texmf-dist/tex/generic/pgf/basiclayer/pgfcoreobjects.code.tex
File: pgfcoreobjects.code.tex 2021/05/15 v3.1.9a (3.1.9a)
) (/usr/share/texlive/texmf-dist/tex/generic/pgf/basiclayer/pgfcorepathprocessing.code.tex
File: pgfcorepathprocessing.code.tex 2021/05/15 v3.1.9a (3.1.9a)
) (/usr/share/texlive/texmf-dist/tex/generic/pgf/basiclayer/pgfcorearrows.code.tex
File: pgfcorearrows.code.tex 2021/05/15 v3.1.9a (3.1.9a)
\pgfarrowsep=\dimen268
) (/usr/share/texlive/texmf-dist/tex/generic/pgf/basiclayer/pgfcoreshade.code.tex
File: pgfcoreshade.code.tex 2021/05/15 v3.1.9a (3.1.9a)
\pgf@max=\dimen269
\pgf@sys@shading@range@num=\count321
\pgf@shadingcount=\count322
) (/usr/share/texlive/texmf-dist/tex/generic/pgf/basiclayer/pgfcoreimage.code.tex
File: pgfcoreimage.code.tex 2021/05/15 v3.1.9a (3.1.9a)
 (/usr/share/texlive/texmf-dist/tex/generic/pgf/basiclayer/pgfcoreexternal.code.tex
File: pgfcoreexternal.code.tex 2021/05/15 v3.1.9a (3.1.9a)
\pgfexternal@startupbox=\box62
)) (/usr/share/texlive/texmf-dist/tex/generic/pgf/basiclayer/pgfcorelayers.code.tex
File: pgfcorelayers.code.tex 2021/05/15 v3.1.9a (3.1.9a)
) (/usr/share/texlive/texmf-dist/tex/generic/pgf/basiclayer/pgfcoretransparency.code.tex
File: pgfcoretransparency.code.tex 2021/05/15 v3.1.9a (3.1.9a)
) (/usr/share/texlive/texmf-dist/tex/generic/pgf/basiclayer/pgfcorepatterns.code.tex
File: pgfcorepatterns.code.tex 2021/05/15 v3.1.9a (3.1.9a)
) (/usr/share/texlive/texmf-dist/tex/generic/pgf/basiclayer/pgfcorerdf.code.tex
File: pgfcorerdf.code.tex 2021/05/15 v3.1.9a (3.1.9a)
))) (/usr/share/texlive/texmf-dist/tex/generic/pgf/modules/pgfmoduleshapes.code.tex
File: pgfmoduleshapes.code.tex 2021/05/15 v3.1.9a (3.1.9a)
\pgfnodeparttextbox=\box63
) (/usr/share/texlive/texmf-dist/tex/generic/pgf/modules/pgfmoduleplot.code.tex
File: pgfmoduleplot.code.tex 2021/05/15 v3.1.9a (3.1.9a)
) (/usr/share/texlive/texmf-dist/tex/latex/pgf/compatibility/pgfcomp-version-0-65.sty
Package: pgfcomp-version-0-65 2021/05/15 v3.1.9a (3.1.9a)
\pgf@nodesepstart=\dimen270
\pgf@nodesepend=\dimen271
) (/usr/share/texlive/texmf-dist/tex/latex/pgf/compatibility/pgfcomp-version-1-18.sty
Package: pgfcomp-version-1-18 2021/05/15 v3.1.9a (3.1.9a)
)) (/usr/share/texlive/texmf-dist/tex/latex/pgf/utilities/pgffor.sty (/usr/share/texlive/texmf-dist/tex/latex/pgf/utilities/pgfkeys.sty (/usr/share/texlive/texmf-dist/tex/generic/pgf/utilities/pgfkeys.code.tex)) (/usr/share/texlive/texmf-dist/tex/latex/pgf/math/pgfmath.sty (/usr/share/texlive/texmf-dist/tex/generic/pgf/math/pgfmath.code.tex)) (/usr/share/texlive/texmf-dist/tex/generic/pgf/utilities/pgffor.code.tex
Package: pgffor 2021/05/15 v3.1.9a (3.1.9a)
 (/usr/share/texlive/texmf-dist/tex/generic/pgf/math/pgfmath.code.tex)
\pgffor@iter=\dimen272
\pgffor@skip=\dimen273
\pgffor@stack=\toks46
\pgffor@toks=\toks47
)) (/usr/share/texlive/texmf-dist/tex/generic/pgf/frontendlayer/tikz/tikz.code.tex
Package: tikz 2021/05/15 v3.1.9a (3.1.9a)
 (/usr/share/texlive/texmf-dist/tex/generic/pgf/libraries/pgflibraryplothandlers.code.tex
File: pgflibraryplothandlers.code.tex 2021/05/15 v3.1.9a (3.1.9a)
\pgf@plot@mark@count=\count323
\pgfplotmarksize=\dimen274
)
\tikz@lastx=\dimen275
\tikz@lasty=\dimen276
\tikz@lastxsaved=\dimen277
\tikz@lastysaved=\dimen278
\tikz@lastmovetox=\dimen279
\tikz@lastmovetoy=\dimen280
\tikzleveldistance=\dimen281
\tikzsiblingdistance=\dimen282
\tikz@figbox=\box64
\tikz@figbox@bg=\box65
\tikz@tempbox=\box66
\tikz@tempbox@bg=\box67
\tikztreelevel=\count324
\tikznumberofchildren=\count325
\tikznumberofcurrentchild=\count326
\tikz@fig@count=\count327
 (/usr/share/texlive/texmf-dist/tex/generic/pgf/modules/pgfmodulematrix.code.tex
File: pgfmodulematrix.code.tex 2021/05/15 v3.1.9a (3.1.9a)
\pgfmatrixcurrentrow=\count328
\pgfmatrixcurrentcolumn=\count329
\pgf@matrix@numberofcolumns=\count330
)
\tikz@expandcount=\count331
 (/usr/share/texlive/texmf-dist/tex/generic/pgf/frontendlayer/tikz/libraries/tikzlibrarytopaths.code.tex
File: tikzlibrarytopaths.code.tex 2021/05/15 v3.1.9a (3.1.9a)
))) (/usr/share/texlive/texmf-dist/tex/latex/multirow/multirow.sty
Package: multirow 2021/03/15 v2.8 Span multiple rows of a table
\multirow@colwidth=\skip61
\multirow@cntb=\count332
\multirow@dima=\skip62
\bigstrutjot=\dimen283
) (/usr/share/texlive/texmf-dist/tex/latex/titlesec/titletoc.sty
Package: titletoc 2021/07/05 v2.14 TOC entries
\ttl@leftsep=\dimen284
) (/usr/share/texlive/texmf-dist/tex/latex/csquotes/csquotes.sty
Package: csquotes 2021-02-22 v5.2l context-sensitive quotations (JAW)
 (/usr/share/texlive/texmf-dist/tex/latex/etoolbox/etoolbox.sty
Package: etoolbox 2020/10/05 v2.5k e-TeX tools for LaTeX (JAW)
\etb@tempcnta=\count333
)
\csq@reset=\count334
\csq@gtype=\count335
\csq@glevel=\count336
\csq@qlevel=\count337
\csq@maxlvl=\count338
\csq@tshold=\count339
\csq@ltx@everypar=\toks48
 (/usr/share/texlive/texmf-dist/tex/latex/csquotes/csquotes.def
File: csquotes.def 2021-02-22 v5.2l csquotes generic definitions (JAW)
)
Package csquotes Info: Trying to load configuration file 'csquotes.cfg'...
Package csquotes Info: ... configuration file loaded successfully.
 (/usr/share/texlive/texmf-dist/tex/latex/csquotes/csquotes.cfg
File: csquotes.cfg 
)) (/usr/share/texlive/texmf-dist/tex/generic/pgf/frontendlayer/tikz/libraries/tikzlibrarycalc.code.tex
File: tikzlibrarycalc.code.tex 2021/05/15 v3.1.9a (3.1.9a)
) (/usr/share/texlive/texmf-dist/tex/latex/enumitem/enumitem.sty
Package: enumitem 2019/06/20 v3.9 Customized lists
\labelindent=\skip63
\enit@outerparindent=\dimen285
\enit@toks=\toks49
\enit@inbox=\box68
\enit@count@id=\count340
\enitdp@description=\count341
) (/usr/share/texlive/texmf-dist/tex/latex/algorithm2e/algorithm2e.sty
Package: algorithm2e 2017/07/18 v5.2 algorithms environments
\c@AlgoLine=\count342
 (/usr/share/texlive/texmf-dist/tex/latex/base/ifthen.sty
Package: ifthen 2020/11/24 v1.1c Standard LaTeX ifthen package (DPC)
)
\algocf@hangindent=\skip64
 (/usr/share/texlive/texmf-dist/tex/latex/ifoddpage/ifoddpage.sty
Package: ifoddpage 2016/04/23 v1.1 Conditionals for odd/even page detection
\c@checkoddpage=\count343
) (/usr/share/texlive/texmf-dist/tex/latex/relsize/relsize.sty
Package: relsize 2013/03/29 ver 4.1
)
\skiptotal=\skip65
\skiplinenumber=\skip66
\skiprule=\skip67
\skiphlne=\skip68
\skiptext=\skip69
\skiplength=\skip70
\algomargin=\skip71
\skipalgocfslide=\skip72
\algowidth=\dimen286
\inoutsize=\dimen287
\inoutindent=\dimen288
\interspacetitleruled=\dimen289
\interspacealgoruled=\dimen290
\interspacetitleboxruled=\dimen291
\algocf@ruledwidth=\skip73
\algocf@inoutbox=\box69
\algocf@inputbox=\box70
\AlCapSkip=\skip74
\AlCapHSkip=\skip75
\algoskipindent=\skip76
\algocf@nlbox=\box71
\algocf@hangingbox=\box72
\algocf@untilbox=\box73
\algocf@skipuntil=\skip77
\algocf@capbox=\box74
\algocf@lcaptionbox=\skip78
\algoheightruledefault=\skip79
\algoheightrule=\skip80
\algotitleheightruledefault=\skip81
\algotitleheightrule=\skip82
\c@algocfline=\count344
\c@algocfproc=\count345
\c@algocf=\count346
\algocf@algoframe=\box75
\algocf@algobox=\box76
) (/usr/share/texlive/texmf-dist/tex/latex/biblatex/biblatex.sty
Package: biblatex 2022/02/02 v3.17 programmable bibliographies (PK/MW)
 (/usr/share/texlive/texmf-dist/tex/latex/logreq/logreq.sty
Package: logreq 2010/08/04 v1.0 xml request logger
\lrq@indent=\count347
 (/usr/share/texlive/texmf-dist/tex/latex/logreq/logreq.def
File: logreq.def 2010/08/04 v1.0 logreq spec v1.0
))
\c@tabx@nest=\count348
\c@listtotal=\count349
\c@listcount=\count350
\c@liststart=\count351
\c@liststop=\count352
\c@citecount=\count353
\c@citetotal=\count354
\c@multicitecount=\count355
\c@multicitetotal=\count356
\c@instcount=\count357
\c@maxnames=\count358
\c@minnames=\count359
\c@maxitems=\count360
\c@minitems=\count361
\c@citecounter=\count362
\c@maxcitecounter=\count363
\c@savedcitecounter=\count364
\c@uniquelist=\count365
\c@uniquename=\count366
\c@refsection=\count367
\c@refsegment=\count368
\c@maxextratitle=\count369
\c@maxextratitleyear=\count370
\c@maxextraname=\count371
\c@maxextradate=\count372
\c@maxextraalpha=\count373
\c@abbrvpenalty=\count374
\c@highnamepenalty=\count375
\c@lownamepenalty=\count376
\c@maxparens=\count377
\c@parenlevel=\count378
\blx@tempcnta=\count379
\blx@tempcntb=\count380
\blx@tempcntc=\count381
\c@blx@maxsection=\count382
\c@blx@maxsegment@0=\count383
\blx@notetype=\count384
\blx@parenlevel@text=\count385
\blx@parenlevel@foot=\count386
\c@blx@sectionciteorder@0=\count387
\blx@entrysetcounter=\count388
\blx@biblioinstance=\count389
\labelnumberwidth=\skip83
\labelalphawidth=\skip84
\biblabelsep=\skip85
\bibitemsep=\skip86
\bibnamesep=\skip87
\bibinitsep=\skip88
\bibparsep=\skip89
\bibhang=\skip90
\blx@bcfin=\read4
\blx@bcfout=\write4
\blx@langwohyphens=\language8
\c@mincomprange=\count390
\c@maxcomprange=\count391
\c@mincompwidth=\count392
Package biblatex Info: Trying to load biblatex default data model...
Package biblatex Info: ... file 'blx-dm.def' found.
 (/usr/share/texlive/texmf-dist/tex/latex/biblatex/blx-dm.def
File: blx-dm.def 2022/02/02 v3.17 biblatex localization (PK/MW)
)
Package biblatex Info: Trying to load biblatex style data model...
Package biblatex Info: ... file 'ieee.dbx' not found.
Package biblatex Info: Trying to load biblatex custom data model...
Package biblatex Info: ... file 'biblatex-dm.cfg' not found.
\c@afterword=\count393
\c@savedafterword=\count394
\c@annotator=\count395
\c@savedannotator=\count396
\c@author=\count397
\c@savedauthor=\count398
\c@bookauthor=\count399
\c@savedbookauthor=\count400
\c@commentator=\count401
\c@savedcommentator=\count402
\c@editor=\count403
\c@savededitor=\count404
\c@editora=\count405
\c@savededitora=\count406
\c@editorb=\count407
\c@savededitorb=\count408
\c@editorc=\count409
\c@savededitorc=\count410
\c@foreword=\count411
\c@savedforeword=\count412
\c@holder=\count413
\c@savedholder=\count414
\c@introduction=\count415
\c@savedintroduction=\count416
\c@namea=\count417
\c@savednamea=\count418
\c@nameb=\count419
\c@savednameb=\count420
\c@namec=\count421
\c@savednamec=\count422
\c@translator=\count423
\c@savedtranslator=\count424
\c@shortauthor=\count425
\c@savedshortauthor=\count426
\c@shorteditor=\count427
\c@savedshorteditor=\count428
\c@labelname=\count429
\c@savedlabelname=\count430
\c@institution=\count431
\c@savedinstitution=\count432
\c@lista=\count433
\c@savedlista=\count434
\c@listb=\count435
\c@savedlistb=\count436
\c@listc=\count437
\c@savedlistc=\count438
\c@listd=\count439
\c@savedlistd=\count440
\c@liste=\count441
\c@savedliste=\count442
\c@listf=\count443
\c@savedlistf=\count444
\c@location=\count445
\c@savedlocation=\count446
\c@organization=\count447
\c@savedorganization=\count448
\c@origlocation=\count449
\c@savedoriglocation=\count450
\c@origpublisher=\count451
\c@savedorigpublisher=\count452
\c@publisher=\count453
\c@savedpublisher=\count454
\c@language=\count455
\c@savedlanguage=\count456
\c@origlanguage=\count457
\c@savedoriglanguage=\count458
\c@pageref=\count459
\c@savedpageref=\count460
\shorthandwidth=\skip91
\shortjournalwidth=\skip92
\shortserieswidth=\skip93
\shorttitlewidth=\skip94
\shortauthorwidth=\skip95
\shorteditorwidth=\skip96
\locallabelnumberwidth=\skip97
\locallabelalphawidth=\skip98
\localshorthandwidth=\skip99
\localshortjournalwidth=\skip100
\localshortserieswidth=\skip101
\localshorttitlewidth=\skip102
\localshortauthorwidth=\skip103
\localshorteditorwidth=\skip104
Package biblatex Info: Trying to load compatibility code...
Package biblatex Info: ... file 'blx-compat.def' found.
 (/usr/share/texlive/texmf-dist/tex/latex/biblatex/blx-compat.def
File: blx-compat.def 2022/02/02 v3.17 biblatex compatibility (PK/MW)
)
Package biblatex Info: Trying to load generic definitions...
Package biblatex Info: ... file 'biblatex.def' found.
 (/usr/share/texlive/texmf-dist/tex/latex/biblatex/biblatex.def
File: biblatex.def 2022/02/02 v3.17 biblatex compatibility (PK/MW)
\c@textcitecount=\count461
\c@textcitetotal=\count462
\c@textcitemaxnames=\count463
\c@biburlbigbreakpenalty=\count464
\c@biburlbreakpenalty=\count465
\c@biburlnumpenalty=\count466
\c@biburlucpenalty=\count467
\c@biburllcpenalty=\count468
\biburlbigskip=\muskip18
\biburlnumskip=\muskip19
\biburlucskip=\muskip20
\biburllcskip=\muskip21
\c@smartand=\count469
)
Package biblatex Info: Trying to load bibliography style 'ieee'...
Package biblatex Info: ... file 'ieee.bbx' found.
 (/usr/share/texlive/texmf-dist/tex/latex/biblatex-ieee/ieee.bbx
File: ieee.bbx 2021/12/06 v1.3f biblatex bibliography style
Package biblatex Info: Trying to load bibliography style 'numeric-comp'...
Package biblatex Info: ... file 'numeric-comp.bbx' found.
 (/usr/share/texlive/texmf-dist/tex/latex/biblatex/bbx/numeric-comp.bbx
File: numeric-comp.bbx 2022/02/02 v3.17 biblatex bibliography style (PK/MW)
Package biblatex Info: Trying to load bibliography style 'numeric'...
Package biblatex Info: ... file 'numeric.bbx' found.
 (/usr/share/texlive/texmf-dist/tex/latex/biblatex/bbx/numeric.bbx
File: numeric.bbx 2022/02/02 v3.17 biblatex bibliography style (PK/MW)
Package biblatex Info: Trying to load bibliography style 'standard'...
Package biblatex Info: ... file 'standard.bbx' found.
 (/usr/share/texlive/texmf-dist/tex/latex/biblatex/bbx/standard.bbx
File: standard.bbx 2022/02/02 v3.17 biblatex bibliography style (PK/MW)
\c@bbx:relatedcount=\count470
\c@bbx:relatedtotal=\count471
))))
Package biblatex Info: Trying to load citation style 'ieee'...
Package biblatex Info: ... file 'ieee.cbx' found.
 (/usr/share/texlive/texmf-dist/tex/latex/biblatex-ieee/ieee.cbx
File: ieee.cbx 2021/12/06 v1.3f biblatex citation style
Package biblatex Info: Trying to load citation style 'numeric-comp'...
Package biblatex Info: ... file 'numeric-comp.cbx' found.
 (/usr/share/texlive/texmf-dist/tex/latex/biblatex/cbx/numeric-comp.cbx
File: numeric-comp.cbx 2022/02/02 v3.17 biblatex citation style (PK/MW)
\c@cbx@tempcnta=\count472
\c@cbx@tempcntb=\count473
\c@cbx@tempcntc=\count474
\c@cbx@tempcntd=\count475
Package biblatex Info: Redefining '\cite'.
Package biblatex Info: Redefining '\parencite'.
Package biblatex Info: Redefining '\footcite'.
Package biblatex Info: Redefining '\footcitetext'.
Package biblatex Info: Redefining '\smartcite'.
Package biblatex Info: Redefining '\supercite'.
Package biblatex Info: Redefining '\textcite'.
Package biblatex Info: Redefining '\textcites'.
Package biblatex Info: Redefining '\cites'.
Package biblatex Info: Redefining '\parencites'.
Package biblatex Info: Redefining '\smartcites'.
)
Package biblatex Info: Redefining '\cite'.
Package biblatex Info: Redefining '\supercite'.
Package biblatex Info: Redefining '\cites'.
)
Package biblatex Info: Trying to load configuration file...
Package biblatex Info: ... file 'biblatex.cfg' found.
 (/usr/share/texlive/texmf-dist/tex/latex/biblatex/biblatex.cfg
File: biblatex.cfg 
)
Package biblatex Info: Input encoding 'utf8' detected.
Package biblatex Info: Document encoding is UTF8 ....
 (/usr/share/texlive/texmf-dist/tex/latex/l3kernel/expl3.sty
Package: expl3 2022-01-21 L3 programming layer (loader) 
 (/usr/share/texlive/texmf-dist/tex/latex/l3backend/l3backend-pdftex.def
File: l3backend-pdftex.def 2022-01-12 L3 backend support: PDF output (pdfTeX)
\l__color_backend_stack_int=\count476
\l__pdf_internal_box=\box77
))
Package biblatex Info: ... and expl3
(biblatex)             2022-01-21 L3 programming layer (loader) 
(biblatex)             is new enough (at least 2020/04/06),
(biblatex)             setting 'casechanger=expl3'.
 (/usr/share/texlive/texmf-dist/tex/latex/biblatex/blx-case-expl3.sty (/usr/share/texlive/texmf-dist/tex/latex/l3packages/xparse/xparse.sty
Package: xparse 2022-01-12 L3 Experimental document command parser
)
Package: blx-case-expl3 2022/02/02 v3.17 expl3 case changing code for biblatex
))
\c@theorem=\count477
\c@definition=\count478
\c@remark=\count479
\c@papernumber=\count480
Package csquotes Info: Checking for multilingual support...
Package csquotes Info: ... found 'babel' package.
Package csquotes Info: Adjusting default style.
Package csquotes Info: Redefining alias 'default' -> 'english'.
LaTeX Font Info:    Trying to load font information for OT1+lmr on input line 93.
 (/usr/share/texmf/tex/latex/lm/ot1lmr.fd
File: ot1lmr.fd 2009/10/30 v1.6 Font defs for Latin Modern
) (./main.aux (./overview/title.aux) (./overview/subtitle.aux) (./overview/authorship.aux) (./overview/approval.aux) (./overview/abstract.aux) (./overview/thank.aux) (./overview/contents.aux) (./chap1.aux) (./paper1/main.aux) (./paper2/main.aux) (./paper3/main.aux))
\openout1 = `main.aux'.

LaTeX Font Info:    Checking defaults for OML/cmm/m/it on input line 93.
LaTeX Font Info:    ... okay on input line 93.
LaTeX Font Info:    Checking defaults for OMS/cmsy/m/n on input line 93.
LaTeX Font Info:    ... okay on input line 93.
LaTeX Font Info:    Checking defaults for OT1/cmr/m/n on input line 93.
LaTeX Font Info:    ... okay on input line 93.
LaTeX Font Info:    Checking defaults for T1/cmr/m/n on input line 93.
LaTeX Font Info:    ... okay on input line 93.
LaTeX Font Info:    Checking defaults for TS1/cmr/m/n on input line 93.
LaTeX Font Info:    ... okay on input line 93.
LaTeX Font Info:    Checking defaults for OMX/cmex/m/n on input line 93.
LaTeX Font Info:    ... okay on input line 93.
LaTeX Font Info:    Checking defaults for U/cmr/m/n on input line 93.
LaTeX Font Info:    ... okay on input line 93.
LaTeX Font Info:    Checking defaults for PD1/pdf/m/n on input line 93.
LaTeX Font Info:    ... okay on input line 93.
LaTeX Font Info:    Checking defaults for PU/pdf/m/n on input line 93.
LaTeX Font Info:    ... okay on input line 93.
 (/usr/share/texlive/texmf-dist/tex/context/base/mkii/supp-pdf.mkii
[Loading MPS to PDF converter (version 2006.09.02).]
\scratchcounter=\count481
\scratchdimen=\dimen292
\scratchbox=\box78
\nofMPsegments=\count482
\nofMParguments=\count483
\everyMPshowfont=\toks50
\MPscratchCnt=\count484
\MPscratchDim=\dimen293
\MPnumerator=\count485
\makeMPintoPDFobject=\count486
\everyMPtoPDFconversion=\toks51
) (/usr/share/texlive/texmf-dist/tex/latex/epstopdf-pkg/epstopdf-base.sty
Package: epstopdf-base 2020-01-24 v2.11 Base part for package epstopdf
Package epstopdf-base Info: Redefining graphics rule for `.eps' on input line 485.
 (/usr/share/texlive/texmf-dist/tex/latex/latexconfig/epstopdf-sys.cfg
File: epstopdf-sys.cfg 2010/07/13 v1.3 Configuration of (r)epstopdf for TeX Live
))
*geometry* driver: auto-detecting
*geometry* detected driver: pdftex
*geometry* verbose mode - [ preamble ] result:
* driver: pdftex
* paper: a4paper
* layout: <same size as paper>
* layoutoffset:(h,v)=(0.0pt,0.0pt)
* modes: 
* h-part:(L,W,R)=(85.35826pt, 455.24411pt, 56.9055pt)
* v-part:(T,H,B)=(56.9055pt, 731.23584pt, 56.9055pt)
* \paperwidth=597.50787pt
* \paperheight=845.04684pt
* \textwidth=455.24411pt
* \textheight=731.23584pt
* \oddsidemargin=13.08827pt
* \evensidemargin=13.08827pt
* \topmargin=-52.36449pt
* \headheight=12.0pt
* \headsep=25.0pt
* \topskip=12.0pt
* \footskip=30.0pt
* \marginparwidth=35.0pt
* \marginparsep=10.0pt
* \columnsep=10.0pt
* \skip\footins=10.8pt plus 4.0pt minus 2.0pt
* \hoffset=0.0pt
* \voffset=0.0pt
* \mag=1000
* \@twocolumnfalse
* \@twosidefalse
* \@mparswitchfalse
* \@reversemarginfalse
* (1in=72.27pt=25.4mm, 1cm=28.453pt)

Package hyperref Info: Link coloring ON on input line 93.
(/usr/share/texlive/texmf-dist/tex/latex/hyperref/nameref.sty
Package: nameref 2021-04-02 v2.47 Cross-referencing by name of section
 (/usr/share/texlive/texmf-dist/tex/latex/refcount/refcount.sty
Package: refcount 2019/12/15 v3.6 Data extraction from label references (HO)
) (/usr/share/texlive/texmf-dist/tex/generic/gettitlestring/gettitlestring.sty
Package: gettitlestring 2019/12/15 v1.6 Cleanup title references (HO)
)
\c@section@level=\count487
)
LaTeX Info: Redefining \ref on input line 93.
LaTeX Info: Redefining \pageref on input line 93.
LaTeX Info: Redefining \nameref on input line 93.
 (./main.out) (./main.out)
\@outlinefile=\write5
\openout5 = `main.out'.

Package caption Info: Begin \AtBeginDocument code.
Package caption Info: float package is loaded.
Package caption Info: End \AtBeginDocument code.
Package biblatex Info: Trying to load language 'english'...
Package biblatex Info: ... file 'english.lbx' found.
 (/usr/share/texlive/texmf-dist/tex/latex/biblatex/lbx/english.lbx
File: english.lbx 2022/02/02 v3.17 biblatex localization (PK/MW)
)
Package biblatex Info: Input encoding 'utf8' detected.
Package biblatex Info: Automatic encoding selection.
(biblatex)             Assuming data encoding 'utf8'.
\openout4 = `main.bcf'.

Package biblatex Info: Trying to load bibliographic data...
Package biblatex Info: ... file 'main.bbl' found.
 (./main.bbl)
Package biblatex Info: Reference section=0 on input line 93.
Package biblatex Info: Reference segment=0 on input line 93.
\openout2 = `overview/title.aux'.

 (./overview/title.tex
<overview/uet.png, id=202, 596.4684pt x 596.4684pt>
File: overview/uet.png Graphic file (type png)
<use overview/uet.png>
Package pdftex.def Info: overview/uet.png  used on input line 22.
(pdftex.def)             Requested size: 99.578pt x 99.58464pt.
 [1


{/var/lib/texmf/fonts/map/pdftex/updmap/pdftex.map} <./overview/uet.png>])
\openout2 = `overview/subtitle.aux'.

 (./overview/subtitle.texpdfTeX warning (ext4): destination with the same identifier (name{page.1}) has been already used, duplicate ignored
<to be read again> 
                   \relax 
l.60 \end{titlepage}
                     [1



])
\openout2 = `overview/authorship.aux'.

 (./overview/authorship.tex) [1




]
\openout2 = `overview/approval.aux'.

 (./overview/approval.tex) [2




]
\openout2 = `overview/abstract.aux'.

 (./overview/abstract.tex) [3




]
\openout2 = `overview/thank.aux'.

 (./overview/thank.tex) [4




]
\openout2 = `overview/contents.aux'.

 (./overview/contents.tex (./main.toc
LaTeX Font Info:    Trying to load font information for OML+lmm on input line 5.
 (/usr/share/texmf/tex/latex/lm/omllmm.fd
File: omllmm.fd 2009/10/30 v1.6 Font defs for Latin Modern
)
LaTeX Font Info:    Trying to load font information for OMS+lmsy on input line 5.
 (/usr/share/texmf/tex/latex/lm/omslmsy.fd
File: omslmsy.fd 2009/10/30 v1.6 Font defs for Latin Modern
)
LaTeX Font Info:    Trying to load font information for OMX+lmex on input line 5.
 (/usr/share/texmf/tex/latex/lm/omxlmex.fd
File: omxlmex.fd 2009/10/30 v1.6 Font defs for Latin Modern
)
LaTeX Font Info:    External font `lmex10' loaded for size
(Font)              <12> on input line 5.
LaTeX Font Info:    External font `lmex10' loaded for size
(Font)              <8> on input line 5.
LaTeX Font Info:    External font `lmex10' loaded for size
(Font)              <6> on input line 5.
LaTeX Font Info:    Trying to load font information for U+msa on input line 5.
 (/usr/share/texlive/texmf-dist/tex/latex/amsfonts/umsa.fd
File: umsa.fd 2013/01/14 v3.01 AMS symbols A
)
LaTeX Font Info:    Trying to load font information for U+msb on input line 5.
 (/usr/share/texlive/texmf-dist/tex/latex/amsfonts/umsb.fd
File: umsb.fd 2013/01/14 v3.01 AMS symbols B
)
Overfull \hbox (0.62146pt too wide) in paragraph at lines 31--31
[]|\OT1/lmr/bx/n/12 Chapter 3. [][]Event-based De-for-ma-tion Con-trol Strat-egy for Time-varying 
 []

[5




])
\tf@toc=\write6
\openout6 = `main.toc'.

) [6]
\openout2 = `chap1.aux'.

 (./chap1.tex
Chapter 1.
pdfTeX warning (ext4): destination with the same identifier (name{page.1}) has been already used, duplicate ignored
<to be read again> 
                   \relax 
l.11 
      [1




] [2] [3] [4]
LaTeX Font Info:    Trying to load font information for TS1+lmr on input line 57.
 (/usr/share/texmf/tex/latex/lm/ts1lmr.fd
File: ts1lmr.fd 2009/10/30 v1.6 Font defs for Latin Modern
)
Overfull \hbox (9.34871pt too wide) in paragraph at lines 57--58
\OT1/lmr/m/n/12 Shape For-ma-tion of Mul-ti-ple UAVs in Nar-row Space En-vi-ron-ments,'' \OT1/lmr/m/it/12 2024 IEEE/SICE
 []

LaTeX Font Info:    Trying to load font information for OT1+lmtt on input line 75.
(/usr/share/texmf/tex/latex/lm/ot1lmtt.fd
File: ot1lmtt.fd 2009/10/30 v1.6 Font defs for Latin Modern
) [5]) [6]
\openout2 = `paper1/main.aux'.

 (./paper1/main.tex
Chapter 2.

Overfull \hbox (10.42133pt too wide) in paragraph at lines 1--1
|\OT1/lmr/bx/n/20.74 Self-reconfigurable V-shape For-ma-tion of Mul-
 []

(./paper1/1_introduction.tex [7




]

pdfTeX warning: pdflatex (file ./paper1/images/idea.pdf): PDF inclusion: found PDF version <1.7>, but at most version <1.5> allowed
<paper1/images/idea.pdf, id=422, 277.035pt x 148.6353pt>
File: paper1/images/idea.pdf Graphic file (type pdf)
<use paper1/images/idea.pdf>
Package pdftex.def Info: paper1/images/idea.pdf  used on input line 8.
(pdftex.def)             Requested size: 273.14923pt x 146.55064pt.
[8 <./paper1/images/idea.pdf>]) (./paper1/2_problem.tex

pdfTeX warning: pdflatex (file ./paper1/images/model.pdf): PDF inclusion: found PDF version <1.7>, but at most version <1.5> allowed
<paper1/images/model.pdf, id=442, 119.4864pt x 120.45pt>
File: paper1/images/model.pdf Graphic file (type pdf)
<use paper1/images/model.pdf>
Package pdftex.def Info: paper1/images/model.pdf  used on input line 6.
(pdftex.def)             Requested size: 136.57462pt x 137.67647pt.


pdfTeX warning: pdflatex (file ./paper1/images/v-shape.pdf): PDF inclusion: found PDF version <1.7>, but at most version <1.5> allowed
<paper1/images/v-shape.pdf, id=444, 169.5936pt x 162.6075pt>
File: paper1/images/v-shape.pdf Graphic file (type pdf)
<use paper1/images/v-shape.pdf>
Package pdftex.def Info: paper1/images/v-shape.pdf  used on input line 25.
(pdftex.def)             Requested size: 182.09486pt x 174.6086pt.
[9 <./paper1/images/model.pdf>]) (./paper1/3_control.tex

pdfTeX warning: pdflatex (file ./paper1/images/reconfiguration0.pdf): PDF inclusion: found PDF version <1.7>, but at most version <1.5> allowed
<paper1/images/reconfiguration0.pdf, id=473, 188.6247pt x 177.7842pt>
File: paper1/images/reconfiguration0.pdf Graphic file (type pdf)
<use paper1/images/reconfiguration0.pdf>
Package pdftex.def Info: paper1/images/reconfiguration0.pdf  used on input line 7.
(pdftex.def)             Requested size: 145.68144pt x 137.31741pt.


pdfTeX warning: pdflatex (file ./paper1/images/reconfiguration1.pdf): PDF inclusion: found PDF version <1.7>, but at most version <1.5> allowed
<paper1/images/reconfiguration1.pdf, id=474, 175.61609pt x 179.7114pt>
File: paper1/images/reconfiguration1.pdf Graphic file (type pdf)
<use paper1/images/reconfiguration1.pdf>
Package pdftex.def Info: paper1/images/reconfiguration1.pdf  used on input line 12.
(pdftex.def)             Requested size: 145.68144pt x 149.08362pt.


pdfTeX warning: pdflatex (file ./paper1/images/reconfiguration2.pdf): PDF inclusion: found PDF version <1.7>, but at most version <1.5> allowed
<paper1/images/reconfiguration2.pdf, id=475, 173.68889pt x 177.7842pt>
File: paper1/images/reconfiguration2.pdf Graphic file (type pdf)
<use paper1/images/reconfiguration2.pdf>
Package pdftex.def Info: paper1/images/reconfiguration2.pdf  used on input line 17.
(pdftex.def)             Requested size: 145.68144pt x 149.11523pt.
[10 <./paper1/images/v-shape.pdf>] [11 <./paper1/images/reconfiguration0.pdf> <./paper1/images/reconfiguration1.pdf> <./paper1/images/reconfiguration2.pdf>]
<paper1/images/result.png, id=586, 1576.89125pt x 308.15125pt>
File: paper1/images/result.png Graphic file (type png)
<use paper1/images/result.png>
Package pdftex.def Info: paper1/images/result.png  used on input line 73.
(pdftex.def)             Requested size: 455.24411pt x 88.9619pt.
<paper1/images/number.png, id=587, 1148.03906pt x 210.03468pt>
File: paper1/images/number.png Graphic file (type png)
<use paper1/images/number.png>
Package pdftex.def Info: paper1/images/number.png  used on input line 78.
(pdftex.def)             Requested size: 455.24411pt x 83.28487pt.
 [12 <./paper1/images/result.png> <./paper1/images/number.png>]) (./paper1/4_result.tex
<paper1/images/distance.png, id=602, 721.19438pt x 328.22626pt>
File: paper1/images/distance.png Graphic file (type png)
<use paper1/images/distance.png>
Package pdftex.def Info: paper1/images/distance.png  used on input line 7.
(pdftex.def)             Requested size: 223.07211pt x 101.52371pt.
<paper1/images/error.png, id=603, 721.19438pt x 328.22626pt>
File: paper1/images/error.png Graphic file (type png)
<use paper1/images/error.png>
Package pdftex.def Info: paper1/images/error.png  used on input line 12.
(pdftex.def)             Requested size: 223.07211pt x 101.52371pt.
<paper1/images/mean.png, id=604, 721.19438pt x 328.22626pt>
File: paper1/images/mean.png Graphic file (type png)
<use paper1/images/mean.png>
Package pdftex.def Info: paper1/images/mean.png  used on input line 17.
(pdftex.def)             Requested size: 223.07211pt x 101.52371pt.
<paper1/images/heading.png, id=605, 721.19438pt x 328.22626pt>
File: paper1/images/heading.png Graphic file (type png)
<use paper1/images/heading.png>
Package pdftex.def Info: paper1/images/heading.png  used on input line 22.
(pdftex.def)             Requested size: 223.07211pt x 101.52371pt.
LaTeX Font Info:    External font `lmex10' loaded for size
(Font)              <10.95> on input line 23.


LaTeX Warning: No positions in optional float specifier.
               Default added (so using `!tbp') on input line 30.


Overfull \hbox (8.94002pt too wide) in paragraph at lines 36--36
 []|\OT1/lmr/m/n/12 Scenario| 
 []

[13]
LaTeX Font Info:    External font `lmex10' loaded for size
(Font)              <10> on input line 51.
LaTeX Font Info:    External font `lmex10' loaded for size
(Font)              <7> on input line 51.
LaTeX Font Info:    External font `lmex10' loaded for size
(Font)              <5> on input line 51.
LaTeX Font Info:    Trying to load font information for OT1+qcr on input line 51.
 (/usr/share/texmf/tex/latex/tex-gyre/ot1qcr.fd
File: ot1qcr.fd 2009/09/25 v1.2 font definition file for OT1/qcr
) [14 <./paper1/images/distance.png (PNG copy)> <./paper1/images/error.png (PNG copy)> <./paper1/images/mean.png (PNG copy)> <./paper1/images/heading.png (PNG copy)>]) (./paper1/5_conclusion.tex) [15]) [16]
\openout2 = `paper2/main.aux'.

 (./paper2/main.tex
Chapter 3.

Overfull \hbox (9.74904pt too wide) in paragraph at lines 1--1
|\OT1/lmr/bx/n/20.74 Event-based De-for-ma-tion Con-trol Strat-egy for
 []

(./paper2/1_introduction.tex [17




]
<paper2/images/sample_bc.pdf, id=667, 281.85298pt x 192.72pt>
File: paper2/images/sample_bc.pdf Graphic file (type pdf)
<use paper2/images/sample_bc.pdf>
Package pdftex.def Info: paper2/images/sample_bc.pdf  used on input line 12.
(pdftex.def)             Requested size: 182.09486pt x 124.51074pt.
<paper2/images/sample_edc.pdf, id=668, 281.85298pt x 192.72pt>
File: paper2/images/sample_edc.pdf Graphic file (type pdf)
<use paper2/images/sample_edc.pdf>
Package pdftex.def Info: paper2/images/sample_edc.pdf  used on input line 18.
(pdftex.def)             Requested size: 182.09486pt x 124.51074pt.
 [18 <./paper2/images/sample_bc.pdf> <./paper2/images/sample_edc.pdf>] [19]) (./paper2/2_problem.tex

pdfTeX warning: pdflatex (file ./paper2/images/model.pdf): PDF inclusion: found PDF version <1.7>, but at most version <1.5> allowed
<paper2/images/model.pdf, id=741, 176.5797pt x 117.3183pt>
File: paper2/images/model.pdf Graphic file (type pdf)
<use paper2/images/model.pdf>
Package pdftex.def Info: paper2/images/model.pdf  used on input line 7.
(pdftex.def)             Requested size: 204.85846pt x 136.10721pt.


pdfTeX warning: pdflatex (file ./paper2/images/problem.pdf): PDF inclusion: found PDF version <1.7>, but at most version <1.5> allowed
<paper2/images/problem.pdf, id=742, 391.4625pt x 153.6942pt>
File: paper2/images/problem.pdf Graphic file (type pdf)
<use paper2/images/problem.pdf>
Package pdftex.def Info: paper2/images/problem.pdf  used on input line 14.
(pdftex.def)             Requested size: 409.71692pt x 160.87006pt.
[20 <./paper2/images/model.pdf>] [21 <./paper2/images/problem.pdf>] [22]) (./paper2/3_method.tex

pdfTeX warning: pdflatex (file ./paper2/images/control_diagram.pdf): PDF inclusion: found PDF version <1.7>, but at most version <1.5> allowed
<paper2/images/control_diagram.pdf, id=820, 349.305pt x 98.2872pt>
File: paper2/images/control_diagram.pdf Graphic file (type pdf)
<use paper2/images/control_diagram.pdf>
Package pdftex.def Info: paper2/images/control_diagram.pdf  used on input line 7.
(pdftex.def)             Requested size: 295.90588pt x 83.26704pt.
[23 <./paper2/images/control_diagram.pdf>] [24]

pdfTeX warning: pdflatex (file ./paper2/images/we.pdf): PDF inclusion: found PDF version <1.7>, but at most version <1.5> allowed
<paper2/images/we.pdf, id=867, 133.45859pt x 132.495pt>
File: paper2/images/we.pdf Graphic file (type pdf)
<use paper2/images/we.pdf>
Package pdftex.def Info: paper2/images/we.pdf  used on input line 91.
(pdftex.def)             Requested size: 159.33821pt x 158.19258pt.
[25 <./paper2/images/we.pdf>] [26] [27]) (./paper2/4_result.tex
<paper2/images/path_edc_shape1.pdf, id=945, 715.00186pt x 195.49367pt>
File: paper2/images/path_edc_shape1.pdf Graphic file (type pdf)
<use paper2/images/path_edc_shape1.pdf>
Package pdftex.def Info: paper2/images/path_edc_shape1.pdf  used on input line 7.
(pdftex.def)             Requested size: 409.71692pt x 112.02316pt.
<paper2/images/path_edc_shape2.pdf, id=946, 715.00186pt x 195.49367pt>
File: paper2/images/path_edc_shape2.pdf Graphic file (type pdf)
<use paper2/images/path_edc_shape2.pdf>
Package pdftex.def Info: paper2/images/path_edc_shape2.pdf  used on input line 13.
(pdftex.def)             Requested size: 409.71692pt x 112.02316pt.


LaTeX Warning: `!h' float specifier changed to `!ht'.

<paper2/images/order_edc_shape1.pdf, id=947, 425.95952pt x 172.6287pt>
File: paper2/images/order_edc_shape1.pdf Graphic file (type pdf)
<use paper2/images/order_edc_shape1.pdf>
Package pdftex.def Info: paper2/images/order_edc_shape1.pdf  used on input line 25.
(pdftex.def)             Requested size: 223.07211pt x 90.40488pt.
<paper2/images/order_edc_shape2.pdf, id=948, 425.95952pt x 172.6287pt>
File: paper2/images/order_edc_shape2.pdf Graphic file (type pdf)
<use paper2/images/order_edc_shape2.pdf>
Package pdftex.def Info: paper2/images/order_edc_shape2.pdf  used on input line 31.
(pdftex.def)             Requested size: 223.07211pt x 90.40488pt.

LaTeX Warning: `!h' float specifier changed to `!ht'.

<paper2/images/mode_edc_shape1.pdf, id=949, 423.93066pt x 172.46495pt>
File: paper2/images/mode_edc_shape1.pdf Graphic file (type pdf)
<use paper2/images/mode_edc_shape1.pdf>
Package pdftex.def Info: paper2/images/mode_edc_shape1.pdf  used on input line 43.
(pdftex.def)             Requested size: 223.07211pt x 90.75072pt.
<paper2/images/mode_edc_shape2.pdf, id=950, 423.93066pt x 172.46495pt>
File: paper2/images/mode_edc_shape2.pdf Graphic file (type pdf)
<use paper2/images/mode_edc_shape2.pdf>
Package pdftex.def Info: paper2/images/mode_edc_shape2.pdf  used on input line 49.
(pdftex.def)             Requested size: 223.07211pt x 90.75072pt.

LaTeX Warning: `!h' float specifier changed to `!ht'.

[28] [29 <./paper2/images/path_edc_shape1.pdf> <./paper2/images/path_edc_shape2.pdf> <./paper2/images/order_edc_shape1.pdf> <./paper2/images/order_edc_shape2.pdf> <./paper2/images/mode_edc_shape1.pdf> <./paper2/images/mode_edc_shape2.pdf>]
Overfull \hbox (2.4506pt too wide) in paragraph at lines 87--88
[]\OT1/lmr/m/n/12 To fur-ther ver-ify the ef-fec-tive-ness of the pro-posed strat-egy against the pure behavioural-
 []

[30]

pdfTeX warning: pdflatex (file ./paper2/images/gazebo_uav.pdf): PDF inclusion: found PDF version <1.7>, but at most version <1.5> allowed
<paper2/images/gazebo_uav.pdf, id=1190, 387.36719pt x 290.0436pt>
File: paper2/images/gazebo_uav.pdf Graphic file (type pdf)
<use paper2/images/gazebo_uav.pdf>
Package pdftex.def Info: paper2/images/gazebo_uav.pdf  used on input line 93.
(pdftex.def)             Requested size: 204.85846pt x 153.39044pt.


pdfTeX warning: pdflatex (file ./paper2/images/hummingbird.pdf): PDF inclusion: found PDF version <1.7>, but at most version <1.5> allowed
<paper2/images/hummingbird.pdf, id=1191, 387.36719pt x 291.00719pt>
File: paper2/images/hummingbird.pdf Graphic file (type pdf)
<use paper2/images/hummingbird.pdf>
Package pdftex.def Info: paper2/images/hummingbird.pdf  used on input line 98.
(pdftex.def)             Requested size: 200.30852pt x 150.48093pt.


pdfTeX warning: pdflatex (file ./paper2/images/gazebo_env.pdf): PDF inclusion: found PDF version <1.7>, but at most version <1.5> allowed
<paper2/images/gazebo_env.pdf, id=1196, 318.22888pt x 176.5797pt>
File: paper2/images/gazebo_env.pdf Graphic file (type pdf)
<use paper2/images/gazebo_env.pdf>
Package pdftex.def Info: paper2/images/gazebo_env.pdf  used on input line 109.
(pdftex.def)             Requested size: 225.3436pt x 125.04103pt.


pdfTeX warning: pdflatex (file ./paper2/images/gazebo_init.pdf): PDF inclusion: found PDF version <1.7>, but at most version <1.5> allowed
<paper2/images/gazebo_init.pdf, id=1197, 383.51279pt x 263.06279pt>
File: paper2/images/gazebo_init.pdf Graphic file (type pdf)
<use paper2/images/gazebo_init.pdf>
Package pdftex.def Info: paper2/images/gazebo_init.pdf  used on input line 113.
(pdftex.def)             Requested size: 182.09486pt x 124.90794pt.


pdfTeX warning: pdflatex (file ./paper2/images/gazebo_res1.pdf): PDF inclusion: found PDF version <1.7>, but at most version <1.5> allowed
<paper2/images/gazebo_res1.pdf, id=1198, 305.22029pt x 204.765pt>
File: paper2/images/gazebo_res1.pdf Graphic file (type pdf)
<use paper2/images/gazebo_res1.pdf>
Package pdftex.def Info: paper2/images/gazebo_res1.pdf  used on input line 124.
(pdftex.def)             Requested size: 218.51521pt x 146.59644pt.


pdfTeX warning: pdflatex (file ./paper2/images/gazebo_res2.pdf): PDF inclusion: found PDF version <1.7>, but at most version <1.5> allowed
<paper2/images/gazebo_res2.pdf, id=1199, 304.2567pt x 204.765pt>
File: paper2/images/gazebo_res2.pdf Graphic file (type pdf)
<use paper2/images/gazebo_res2.pdf>
Package pdftex.def Info: paper2/images/gazebo_res2.pdf  used on input line 129.
(pdftex.def)             Requested size: 218.51521pt x 147.06198pt.


pdfTeX warning: pdflatex (file ./paper2/images/gazebo_res3.pdf): PDF inclusion: found PDF version <1.7>, but at most version <1.5> allowed
<paper2/images/gazebo_res3.pdf, id=1200, 306.18388pt x 204.765pt>
File: paper2/images/gazebo_res3.pdf Graphic file (type pdf)
<use paper2/images/gazebo_res3.pdf>
Package pdftex.def Info: paper2/images/gazebo_res3.pdf  used on input line 134.
(pdftex.def)             Requested size: 218.51521pt x 146.14027pt.


pdfTeX warning: pdflatex (file ./paper2/images/gazebo_res4.pdf): PDF inclusion: found PDF version <1.7>, but at most version <1.5> allowed
<paper2/images/gazebo_res4.pdf, id=1201, 304.2567pt x 204.765pt>
File: paper2/images/gazebo_res4.pdf Graphic file (type pdf)
<use paper2/images/gazebo_res4.pdf>
Package pdftex.def Info: paper2/images/gazebo_res4.pdf  used on input line 139.
(pdftex.def)             Requested size: 218.51521pt x 147.06198pt.


pdfTeX warning: pdflatex (file ./paper2/images/gazebo_res5.pdf): PDF inclusion: found PDF version <1.7>, but at most version <1.5> allowed
<paper2/images/gazebo_res5.pdf, id=1202, 304.2567pt x 204.765pt>
File: paper2/images/gazebo_res5.pdf Graphic file (type pdf)
<use paper2/images/gazebo_res5.pdf>
Package pdftex.def Info: paper2/images/gazebo_res5.pdf  used on input line 144.
(pdftex.def)             Requested size: 218.51521pt x 147.06198pt.


pdfTeX warning: pdflatex (file ./paper2/images/gazebo_res6.pdf): PDF inclusion: found PDF version <1.7>, but at most version <1.5> allowed
<paper2/images/gazebo_res6.pdf, id=1203, 304.2567pt x 204.765pt>
File: paper2/images/gazebo_res6.pdf Graphic file (type pdf)
<use paper2/images/gazebo_res6.pdf>
Package pdftex.def Info: paper2/images/gazebo_res6.pdf  used on input line 149.
(pdftex.def)             Requested size: 218.51521pt x 147.06198pt.


pdfTeX warning: pdflatex (file ./paper2/images/gazebo_path.pdf): PDF inclusion: found PDF version <1.7>, but at most version <1.5> allowed
<paper2/images/gazebo_path.pdf, id=1204, 1122.11212pt x 189.8292pt>
File: paper2/images/gazebo_path.pdf Graphic file (type pdf)
<use paper2/images/gazebo_path.pdf>
Package pdftex.def Info: paper2/images/gazebo_path.pdf  used on input line 159.
(pdftex.def)             Requested size: 455.24411pt x 77.01364pt.
[31 <./paper2/images/gazebo_uav.pdf> <./paper2/images/hummingbird.pdf> <./paper2/images/gazebo_env.pdf> <./paper2/images/gazebo_init.pdf>] [32 <./paper2/images/gazebo_res1.pdf> <./paper2/images/gazebo_res2.pdf> <./paper2/images/gazebo_res3.pdf> <./paper2/images/gazebo_res4.pdf> <./paper2/images/gazebo_res5.pdf> <./paper2/images/gazebo_res6.pdf> <./paper2/images/gazebo_path.pdf>]) (./paper2/5_conclusion.tex)) [33]
\openout2 = `paper3/main.aux'.

 (./paper3/main.tex
Chapter 4.

Overfull \hbox (0.38757pt too wide) in paragraph at lines 1--1
|\OT1/lmr/bx/n/20.74 MPPDC: Model Prediction-based Per-cep-tual
 []

(./paper3/1_introduction.tex [34




] [35] [36]) (./paper3/2_problem.tex

pdfTeX warning: pdflatex (file ./paper3/images/model.pdf): PDF inclusion: found PDF version <1.7>, but at most version <1.5> allowed
<paper3/images/model.pdf, id=1377, 212.71469pt x 140.4447pt>
File: paper3/images/model.pdf Graphic file (type pdf)
<use paper3/images/model.pdf>
Package pdftex.def Info: paper3/images/model.pdf  used on input line 7.
(pdftex.def)             Requested size: 218.51521pt x 144.28033pt.
) (./paper3/3_proposed.tex [37]
Overfull \hbox (3.22565pt too wide) in paragraph at lines 1--1
|[]\OT1/lmr/bx/n/17.28 MPPDC: Model Prediction-based Per-cep-tual De-
 []



pdfTeX warning: pdflatex (file ./paper3/images/diagram.pdf): PDF inclusion: found PDF version <1.7>, but at most version <1.5> allowed
<paper3/images/diagram.pdf, id=1387, 354.36388pt x 197.7789pt>
File: paper3/images/diagram.pdf Graphic file (type pdf)
<use paper3/images/diagram.pdf>
Package pdftex.def Info: paper3/images/diagram.pdf  used on input line 5.
(pdftex.def)             Requested size: 318.66948pt x 177.86658pt.
[38 <./paper3/images/model.pdf> <./paper3/images/diagram.pdf>] [39] [40] [41]

pdfTeX warning: pdflatex (file ./paper3/images/perception.pdf): PDF inclusion: found PDF version <1.7>, but at most version <1.5> allowed
<paper3/images/perception.pdf, id=1472, 687.52856pt x 212.71469pt>
File: paper3/images/perception.pdf Graphic file (type pdf)
<use paper3/images/perception.pdf>
Package pdftex.def Info: paper3/images/perception.pdf  used on input line 155.
(pdftex.def)             Requested size: 455.24411pt x 140.85301pt.
[42]

LaTeX Warning: `!h' float specifier changed to `!ht'.

) (./paper3/4_result.tex
<paper3/images/path_scen1.pdf, id=1502, 426.1452pt x 196.84068pt>
File: paper3/images/path_scen1.pdf Graphic file (type pdf)
<use paper3/images/path_scen1.pdf>
Package pdftex.def Info: paper3/images/path_scen1.pdf  used on input line 6.
(pdftex.def)             Requested size: 225.3436pt x 104.08777pt.
<paper3/images/path_scen2.pdf, id=1503, 426.1452pt x 196.97253pt>
File: paper3/images/path_scen2.pdf Graphic file (type pdf)
<use paper3/images/path_scen2.pdf>
Package pdftex.def Info: paper3/images/path_scen2.pdf  used on input line 10.
(pdftex.def)             Requested size: 225.3436pt x 104.15749pt.
<paper3/images/correlation_scen1.pdf, id=1504, 417.72813pt x 132.51883pt>
File: paper3/images/correlation_scen1.pdf Graphic file (type pdf)
<use paper3/images/correlation_scen1.pdf>
Package pdftex.def Info: paper3/images/correlation_scen1.pdf  used on input line 14.
(pdftex.def)             Requested size: 225.3436pt x 71.48831pt.
<paper3/images/correlation_scen2.pdf, id=1505, 417.72813pt x 132.51883pt>
File: paper3/images/correlation_scen2.pdf Graphic file (type pdf)
<use paper3/images/correlation_scen2.pdf>
Package pdftex.def Info: paper3/images/correlation_scen2.pdf  used on input line 19.
(pdftex.def)             Requested size: 225.3436pt x 71.48831pt.
 [43 <./paper3/images/perception.pdf>] [44]
<paper3/images/velocity_scen1.pdf, id=1594, 389.91484pt x 172.6287pt>
File: paper3/images/velocity_scen1.pdf Graphic file (type pdf)
<use paper3/images/velocity_scen1.pdf>
Package pdftex.def Info: paper3/images/velocity_scen1.pdf  used on input line 48.
(pdftex.def)             Requested size: 225.3436pt x 99.76909pt.
<paper3/images/velocity_scen2.pdf, id=1595, 389.91484pt x 172.6287pt>
File: paper3/images/velocity_scen2.pdf Graphic file (type pdf)
<use paper3/images/velocity_scen2.pdf>
Package pdftex.def Info: paper3/images/velocity_scen2.pdf  used on input line 53.
(pdftex.def)             Requested size: 225.3436pt x 99.76909pt.
<paper3/images/order_scen1.pdf, id=1596, 389.1018pt x 172.46495pt>
File: paper3/images/order_scen1.pdf Graphic file (type pdf)
<use paper3/images/order_scen1.pdf>
Package pdftex.def Info: paper3/images/order_scen1.pdf  used on input line 58.
(pdftex.def)             Requested size: 225.3436pt x 99.88235pt.
<paper3/images/order_scen2.pdf, id=1597, 389.1018pt x 172.46495pt>
File: paper3/images/order_scen2.pdf Graphic file (type pdf)
<use paper3/images/order_scen2.pdf>
Package pdftex.def Info: paper3/images/order_scen2.pdf  used on input line 63.
(pdftex.def)             Requested size: 225.3436pt x 99.88235pt.
<paper3/images/error_scen1.pdf, id=1598, 389.19215pt x 172.6287pt>
File: paper3/images/error_scen1.pdf Graphic file (type pdf)
<use paper3/images/error_scen1.pdf>
Package pdftex.def Info: paper3/images/error_scen1.pdf  used on input line 68.
(pdftex.def)             Requested size: 225.3436pt x 99.95348pt.
<paper3/images/error_scen2.pdf, id=1599, 389.19215pt x 172.6287pt>
File: paper3/images/error_scen2.pdf Graphic file (type pdf)
<use paper3/images/error_scen2.pdf>
Package pdftex.def Info: paper3/images/error_scen2.pdf  used on input line 73.
(pdftex.def)             Requested size: 225.3436pt x 99.95348pt.


LaTeX Warning: `!h' float specifier changed to `!ht'.

<paper3/images/scalability.pdf, id=1600, 423.92754pt x 172.46495pt>
File: paper3/images/scalability.pdf Graphic file (type pdf)
<use paper3/images/scalability.pdf>
Package pdftex.def Info: paper3/images/scalability.pdf  used on input line 83.
(pdftex.def)             Requested size: 273.14923pt x 111.12718pt.

LaTeX Warning: `!h' float specifier changed to `!ht'.

[45 <./paper3/images/path_scen1.pdf> <./paper3/images/path_scen2.pdf> <./paper3/images/correlation_scen1.pdf> <./paper3/images/correlation_scen2.pdf>] [46 <./paper3/images/velocity_scen1.pdf> <./paper3/images/velocity_scen2.pdf> <./paper3/images/order_scen1.pdf> <./paper3/images/order_scen2.pdf> <./paper3/images/error_scen1.pdf> <./paper3/images/error_scen2.pdf> <./paper3/images/scalability.pdf>]
Overfull \hbox (9.69211pt too wide) in paragraph at lines 100--100
 []|\OT1/lmr/m/n/12 Scen.| 
 []


Overfull \hbox (9.26624pt too wide) in paragraph at lines 100--100
 []|\OT1/lmr/m/n/12 Strategy| 
 []


Overfull \hbox (12.0991pt too wide) in paragraph at lines 100--100
 []|\OT1/lmr/m/n/12 Acceleration 
 []


Overfull \hbox (10.07277pt too wide) in paragraph at lines 103--103
 []|\OT1/lmr/m/n/12 MPPDC| 
 []


Overfull \hbox (10.07277pt too wide) in paragraph at lines 106--106
 []|\OT1/lmr/m/n/12 MPPDC| 
 []

[47]

pdfTeX warning: pdflatex (file ./paper3/images/tunnel.pdf): PDF inclusion: found PDF version <1.7>, but at most version <1.5> allowed
<paper3/images/tunnel.pdf, id=2057, 321.11969pt x 181.6386pt>
File: paper3/images/tunnel.pdf Graphic file (type pdf)
<use paper3/images/tunnel.pdf>
Package pdftex.def Info: paper3/images/tunnel.pdf  used on input line 129.
(pdftex.def)             Requested size: 254.93558pt x 144.2052pt.


pdfTeX warning: pdflatex (file ./paper3/images/hummingbird.pdf): PDF inclusion: found PDF version <1.7>, but at most version <1.5> allowed
<paper3/images/hummingbird.pdf, id=2058, 241.86359pt x 181.6386pt>
File: paper3/images/hummingbird.pdf Graphic file (type pdf)
<use paper3/images/hummingbird.pdf>
Package pdftex.def Info: paper3/images/hummingbird.pdf  used on input line 134.
(pdftex.def)             Requested size: 191.20169pt x 143.59268pt.
<paper3/images/gazebo_01.png, id=2063, 1896.08376pt x 1064.97874pt>
File: paper3/images/gazebo_01.png Graphic file (type png)
<use paper3/images/gazebo_01.png>
Package pdftex.def Info: paper3/images/gazebo_01.png  used on input line 144.
(pdftex.def)             Requested size: 147.95294pt x 83.08751pt.
<paper3/images/gazebo_02.png, id=2064, 1546.77875pt x 869.2475pt>
File: paper3/images/gazebo_02.png Graphic file (type png)
<use paper3/images/gazebo_02.png>
Package pdftex.def Info: paper3/images/gazebo_02.png  used on input line 148.
(pdftex.def)             Requested size: 147.95294pt x 83.13644pt.
<paper3/images/gazebo_03.png, id=2065, 1730.465pt x 974.64125pt>
File: paper3/images/gazebo_03.png Graphic file (type png)
<use paper3/images/gazebo_03.png>
Package pdftex.def Info: paper3/images/gazebo_03.png  used on input line 152.
(pdftex.def)             Requested size: 147.95294pt x 83.32674pt.
<paper3/images/gazebo_04.png, id=2066, 1796.7125pt x 1010.77625pt>
File: paper3/images/gazebo_04.png Graphic file (type png)
<use paper3/images/gazebo_04.png>
Package pdftex.def Info: paper3/images/gazebo_04.png  used on input line 156.
(pdftex.def)             Requested size: 147.95294pt x 83.2235pt.
<paper3/images/gazebo_05.png, id=2067, 1834.855pt x 1032.85875pt>
File: paper3/images/gazebo_05.png Graphic file (type png)
<use paper3/images/gazebo_05.png>
Package pdftex.def Info: paper3/images/gazebo_05.png  used on input line 160.
(pdftex.def)             Requested size: 147.95294pt x 83.27655pt.
<paper3/images/gazebo_06.png, id=2068, 1769.61125pt x 995.72pt>
File: paper3/images/gazebo_06.png Graphic file (type png)
<use paper3/images/gazebo_06.png>
Package pdftex.def Info: paper3/images/gazebo_06.png  used on input line 164.
(pdftex.def)             Requested size: 147.95294pt x 83.24487pt.
<paper3/images/gazebo_path.pdf, id=2069, 416.40027pt x 174.42155pt>
File: paper3/images/gazebo_path.pdf Graphic file (type pdf)
<use paper3/images/gazebo_path.pdf>
Package pdftex.def Info: paper3/images/gazebo_path.pdf  used on input line 174.
(pdftex.def)             Requested size: 218.51521pt x 91.53275pt.
<paper3/images/gazebo_correlation.pdf, id=2070, 424.11136pt x 158.01096pt>
File: paper3/images/gazebo_correlation.pdf Graphic file (type pdf)
<use paper3/images/gazebo_correlation.pdf>
Package pdftex.def Info: paper3/images/gazebo_correlation.pdf  used on input line 179.
(pdftex.def)             Requested size: 218.51521pt x 81.4115pt.
<paper3/images/gazebo_speed.pdf, id=2071, 419.72621pt x 158.1747pt>
File: paper3/images/gazebo_speed.pdf Graphic file (type pdf)
<use paper3/images/gazebo_speed.pdf>
Package pdftex.def Info: paper3/images/gazebo_speed.pdf  used on input line 184.
(pdftex.def)             Requested size: 218.51521pt x 82.34784pt.
<paper3/images/gazebo_order.pdf, id=2072, 425.38672pt x 158.1747pt>
File: paper3/images/gazebo_order.pdf Graphic file (type pdf)
<use paper3/images/gazebo_order.pdf>
Package pdftex.def Info: paper3/images/gazebo_order.pdf  used on input line 189.
(pdftex.def)             Requested size: 218.51521pt x 81.25209pt.
<paper3/images/gazebo_error.pdf, id=2073, 389.19215pt x 158.1747pt>
File: paper3/images/gazebo_error.pdf Graphic file (type pdf)
<use paper3/images/gazebo_error.pdf>
Package pdftex.def Info: paper3/images/gazebo_error.pdf  used on input line 194.
(pdftex.def)             Requested size: 218.51521pt x 88.80891pt.
<paper3/images/gazebo_computation.pdf, id=2074, 432.49265pt x 158.1747pt>
File: paper3/images/gazebo_computation.pdf Graphic file (type pdf)
<use paper3/images/gazebo_computation.pdf>
Package pdftex.def Info: paper3/images/gazebo_computation.pdf  used on input line 199.
(pdftex.def)             Requested size: 218.51521pt x 79.9174pt.
[48 <./paper3/images/tunnel.pdf> <./paper3/images/hummingbird.pdf>] [49 <./paper3/images/gazebo_01.png> <./paper3/images/gazebo_02.png> <./paper3/images/gazebo_03.png> <./paper3/images/gazebo_04.png> <./paper3/images/gazebo_05.png> <./paper3/images/gazebo_06.png> <./paper3/images/gazebo_path.pdf> <./paper3/images/gazebo_correlation.pdf> <./paper3/images/gazebo_speed.pdf> <./paper3/images/gazebo_order.pdf> <./paper3/images/gazebo_error.pdf> <./paper3/images/gazebo_computation.pdf>]
Overfull \hbox (2.8737pt too wide) in paragraph at lines 218--219
[]\OT1/lmr/m/n/12 The sim-u-la-tion re-sults in [][]4.4.1[][] show that \OT1/lmr/m/it/12 MP-PDC \OT1/lmr/m/n/12 suc-cess-fully nav-i-gates robots through
 []

[50]) (./paper3/5_conclusion.tex)) [51] [52



]
Overfull \hbox (16.12715pt too wide) in paragraph at lines 115--115
\OT1/lmr/m/n/12 robots with col-li-sion and ob-sta-cle avoid-ance us-ing a ro-ta-tional and re-pul-sive force{based
 []

[53] [54] [55]
Overfull \hbox (8.55194pt too wide) in paragraph at lines 115--115
\OT1/lmr/m/n/12 \  Graph-based sub-ter-ranean ex-plo-ration path plan-ning us-ing aerial and legged robots,"
 []

[56] [57] [58] (./main.aux (./overview/title.aux) (./overview/subtitle.aux) (./overview/authorship.aux) (./overview/approval.aux) (./overview/abstract.aux) (./overview/thank.aux) (./overview/contents.aux) (./chap1.aux) (./paper1/main.aux) (./paper2/main.aux) (./paper3/main.aux))
Package rerunfilecheck Info: File `main.out' has not changed.
(rerunfilecheck)             Checksum: 543F85B959991C4CF541353F68731DD1;9255.
Package logreq Info: Writing requests to 'main.run.xml'.
\openout1 = `main.run.xml'.

 ) 
Here is how much of TeX's memory you used:
 35195 strings out of 480171
 677785 string characters out of 5894489
 1397278 words of memory out of 5000000
 52021 multiletter control sequences out of 15000+600000
 562058 words of font info for 90 fonts, out of 8000000 for 9000
 59 hyphenation exceptions out of 8191
 100i,22n,104p,2182b,2171s stack positions out of 5000i,500n,10000p,200000b,80000s
{/usr/share/texmf/fonts/enc/dvips/lm/lm-rmsc.enc}{/usr/share/texmf/fonts/enc/dvips/lm/lm-mathit.enc}{/usr/share/texmf/fonts/enc/dvips/lm/lm-rm.enc}{/usr/share/texmf/fonts/enc/dvips/lm/lm-rmtt.enc}{/usr/share/texmf/fonts/enc/dvips/lm/lm-mathsy.enc}{/usr/share/texmf/fonts/enc/dvips/lm/lm-mathex.enc}{/usr/share/texmf/fonts/enc/dvips/lm/lm-ts1.enc}</usr/share/texmf/fonts/type1/public/lm/lmbx12.pfb></usr/share/texmf/fonts/type1/public/lm/lmbx8.pfb></usr/share/texmf/fonts/type1/public/lm/lmbxi10.pfb></usr/share/texmf/fonts/type1/public/lm/lmcsc10.pfb></usr/share/texmf/fonts/type1/public/lm/lmex10.pfb></usr/share/texmf/fonts/type1/public/lm/lmmi10.pfb></usr/share/texmf/fonts/type1/public/lm/lmmi12.pfb></usr/share/texmf/fonts/type1/public/lm/lmmi6.pfb></usr/share/texmf/fonts/type1/public/lm/lmmi8.pfb></usr/share/texmf/fonts/type1/public/lm/lmr10.pfb></usr/share/texmf/fonts/type1/public/lm/lmr12.pfb></usr/share/texmf/fonts/type1/public/lm/lmr7.pfb></usr/share/texmf/fonts/type1/public/lm/lmr8.pfb></usr/share/texmf/fonts/type1/public/lm/lmri10.pfb></usr/share/texmf/fonts/type1/public/lm/lmri12.pfb></usr/share/texmf/fonts/type1/public/lm/lmsy10.pfb></usr/share/texmf/fonts/type1/public/lm/lmsy8.pfb></usr/share/texmf/fonts/type1/public/lm/lmtt10.pfb></usr/share/texmf/fonts/type1/public/lm/lmtt12.pfb></usr/share/texlive/texmf-dist/fonts/type1/public/amsfonts/symbols/msbm10.pfb>
Output written on main.pdf (66 pages, 3784770 bytes).
PDF statistics:
 2670 PDF objects out of 2984 (max. 8388607)
 1745 compressed objects within 18 object streams
 396 named destinations out of 1000 (max. 500000)
 731 words of extra memory for PDF output out of 10000 (max. 10000000)

